C:\Program Files\Microsoft Visual Studio\2022\Community\MSBuild\Microsoft\VC\v170\Microsoft.CppBuild.targets(531,5): warning MSB8028: The intermediate directory (x64\Release\) contains files shared from another project (ImGui DirectX 11 Kiero Hook.vcxproj).  This can lead to incorrect clean and rebuild behavior.
  ESP.cpp
D:\Vs\Palia\ImGui-DirectX-11-Kiero-Hook-master\ImGui DirectX 11 Kiero Hook\vec.h(86,14): warning C4244: 'return': conversion from 'double' to 'float', possible loss of data
D:\Vs\Palia\ImGui-DirectX-11-Kiero-Hook-master\ImGui DirectX 11 Kiero Hook\vec.h(214,14): warning C4244: 'return': conversion from 'double' to 'float', possible loss of data
D:\Vs\Palia\ImGui-DirectX-11-Kiero-Hook-master\ImGui DirectX 11 Kiero Hook\vec.h(222,14): warning C4244: 'return': conversion from 'double' to 'float', possible loss of data
D:\Vs\Palia\ImGui-DirectX-11-Kiero-Hook-master\ImGui DirectX 11 Kiero Hook\vec.h(226,14): warning C4244: 'return': conversion from 'double' to 'float', possible loss of data
D:\Vs\Palia\ImGui-DirectX-11-Kiero-Hook-master\ImGui DirectX 11 Kiero Hook\SDK\Basic.hpp(288,7): warning C4099: 'SDK::FName': type name first seen using 'struct' now seen using 'class'
D:\Vs\Palia\ImGui-DirectX-11-Kiero-Hook-master\ImGui DirectX 11 Kiero Hook\SDK\Basic.hpp(864,2): warning C4369: 'SDK::EClassFlags::NewerVersionExists':  enumerator value '2147483648' cannot be represented as 'int', value is '2147483648'
D:\Vs\Palia\ImGui-DirectX-11-Kiero-Hook-master\ImGui DirectX 11 Kiero Hook\SDK\Basic.hpp(1141,9): warning C4099: 'SDK::FProperty': type name first seen using 'class' now seen using 'struct'
D:\Vs\Palia\ImGui-DirectX-11-Kiero-Hook-master\ImGui DirectX 11 Kiero Hook\SDK\Basic.hpp(1163,9): warning C4099: 'SDK::FProperty': type name first seen using 'class' now seen using 'struct'
D:\Vs\Palia\ImGui-DirectX-11-Kiero-Hook-master\ImGui DirectX 11 Kiero Hook\SDK\Basic.hpp(1164,9): warning C4099: 'SDK::FProperty': type name first seen using 'class' now seen using 'struct'
D:\Vs\Palia\ImGui-DirectX-11-Kiero-Hook-master\ImGui DirectX 11 Kiero Hook\SDK\Basic.hpp(1176,9): warning C4099: 'SDK::FProperty': type name first seen using 'class' now seen using 'struct'
D:\Vs\Palia\ImGui-DirectX-11-Kiero-Hook-master\ImGui DirectX 11 Kiero Hook\SDK\Basic.hpp(1187,9): warning C4099: 'SDK::FProperty': type name first seen using 'class' now seen using 'struct'
D:\Vs\Palia\ImGui-DirectX-11-Kiero-Hook-master\ImGui DirectX 11 Kiero Hook\SDK\Basic.hpp(1211,9): warning C4099: 'SDK::FProperty': type name first seen using 'class' now seen using 'struct'
D:\Vs\Palia\ImGui-DirectX-11-Kiero-Hook-master\ImGui DirectX 11 Kiero Hook\SDK\CoreUObject_structs.hpp(454,21): warning C4244: 'argument': conversion from 'SDK::FVector::UnderlayingType' to 'float', possible loss of data
D:\Vs\Palia\ImGui-DirectX-11-Kiero-Hook-master\ImGui DirectX 11 Kiero Hook\SDK\CoreUObject_structs.hpp(503,27): warning C4244: 'argument': conversion from 'SDK::FVector::UnderlayingType' to 'float', possible loss of data
D:\Vs\Palia\ImGui-DirectX-11-Kiero-Hook-master\ImGui DirectX 11 Kiero Hook\SDK\IrisCore_structs.hpp(330,20): warning C4099: 'SDK::FArrayProperty': type name first seen using 'class' now seen using 'struct'
D:\Vs\Palia\ImGui-DirectX-11-Kiero-Hook-master\ImGui DirectX 11 Kiero Hook\SDK\IrisCore_structs.hpp(344,20): warning C4099: 'SDK::FProperty': type name first seen using 'class' now seen using 'struct'
D:\Vs\Palia\ImGui-DirectX-11-Kiero-Hook-master\ImGui DirectX 11 Kiero Hook\SDK\IrisCore_structs.hpp(393,20): warning C4099: 'SDK::FProperty': type name first seen using 'class' now seen using 'struct'
D:\Vs\Palia\ImGui-DirectX-11-Kiero-Hook-master\ImGui DirectX 11 Kiero Hook\SDK\Engine_structs.hpp(3629,2): warning C4309: 'initializing': truncation of constant value
D:\Vs\Palia\ImGui-DirectX-11-Kiero-Hook-master\ImGui DirectX 11 Kiero Hook\SDK\Engine_structs.hpp(3629,2): warning C4369: 'SDK::ESoundWaveLoadingBehavior::ESoundWaveLoadingBehavior_MAX':  enumerator value '256' cannot be represented as 'unsigned char', value is '256'
D:\Vs\Palia\ImGui-DirectX-11-Kiero-Hook-master\ImGui DirectX 11 Kiero Hook\SDK\Engine_structs.hpp(6000,2): warning C4309: 'initializing': truncation of constant value
D:\Vs\Palia\ImGui-DirectX-11-Kiero-Hook-master\ImGui DirectX 11 Kiero Hook\SDK\Engine_structs.hpp(6000,2): warning C4369: 'SDK::ESkinCacheUsage::ESkinCacheUsage_MAX':  enumerator value '256' cannot be represented as 'unsigned char', value is '256'
D:\Vs\Palia\ImGui-DirectX-11-Kiero-Hook-master\ImGui DirectX 11 Kiero Hook\SDK\Engine_structs.hpp(6224,2): warning C4309: 'initializing': truncation of constant value
D:\Vs\Palia\ImGui-DirectX-11-Kiero-Hook-master\ImGui DirectX 11 Kiero Hook\SDK\Engine_structs.hpp(6224,2): warning C4369: 'SDK::ETextureEncodeSpeedOverride::ETextureEncodeSpeedOverride_MAX':  enumerator value '256' cannot be represented as 'unsigned char', value is '256'
D:\Vs\Palia\ImGui-DirectX-11-Kiero-Hook-master\ImGui DirectX 11 Kiero Hook\SDK\Engine_structs.hpp(6427,2): warning C4309: 'initializing': truncation of constant value
D:\Vs\Palia\ImGui-DirectX-11-Kiero-Hook-master\ImGui DirectX 11 Kiero Hook\SDK\Engine_structs.hpp(6427,2): warning C4369: 'SDK::EStreamingSourcePriority::EStreamingSourcePriority_MAX':  enumerator value '256' cannot be represented as 'unsigned char', value is '256'
D:\Vs\Palia\ImGui-DirectX-11-Kiero-Hook-master\ImGui DirectX 11 Kiero Hook\SDK\Engine_structs.hpp(14128,20): warning C4099: 'SDK::FStructProperty': type name first seen using 'class' now seen using 'struct'
D:\Vs\Palia\ImGui-DirectX-11-Kiero-Hook-master\ImGui DirectX 11 Kiero Hook\SDK\Engine_structs.hpp(14129,27): warning C4099: 'SDK::FStructProperty': type name first seen using 'class' now seen using 'struct'
D:\Vs\Palia\ImGui-DirectX-11-Kiero-Hook-master\ImGui DirectX 11 Kiero Hook\SDK\Engine_structs.hpp(14130,27): warning C4099: 'SDK::FProperty': type name first seen using 'class' now seen using 'struct'
D:\Vs\Palia\ImGui-DirectX-11-Kiero-Hook-master\ImGui DirectX 11 Kiero Hook\SDK\Engine_structs.hpp(18105,20): warning C4099: 'SDK::FProperty': type name first seen using 'class' now seen using 'struct'
D:\Vs\Palia\ImGui-DirectX-11-Kiero-Hook-master\ImGui DirectX 11 Kiero Hook\SDK\Engine_structs.hpp(21552,20): warning C4099: 'SDK::FProperty': type name first seen using 'class' now seen using 'struct'
D:\Vs\Palia\ImGui-DirectX-11-Kiero-Hook-master\ImGui DirectX 11 Kiero Hook\SDK\Engine_structs.hpp(21578,20): warning C4099: 'SDK::FProperty': type name first seen using 'class' now seen using 'struct'
D:\Vs\Palia\ImGui-DirectX-11-Kiero-Hook-master\ImGui DirectX 11 Kiero Hook\SDK\Engine_classes.hpp(8806,27): warning C4099: 'SDK::FStructProperty': type name first seen using 'class' now seen using 'struct'
D:\Vs\Palia\ImGui-DirectX-11-Kiero-Hook-master\ImGui DirectX 11 Kiero Hook\SDK\Engine_classes.hpp(8808,27): warning C4099: 'SDK::FStructProperty': type name first seen using 'class' now seen using 'struct'
D:\Vs\Palia\ImGui-DirectX-11-Kiero-Hook-master\ImGui DirectX 11 Kiero Hook\SDK\Engine_classes.hpp(8810,27): warning C4099: 'SDK::FStructProperty': type name first seen using 'class' now seen using 'struct'
D:\Vs\Palia\ImGui-DirectX-11-Kiero-Hook-master\ImGui DirectX 11 Kiero Hook\SDK\Engine_classes.hpp(8812,27): warning C4099: 'SDK::FStructProperty': type name first seen using 'class' now seen using 'struct'
D:\Vs\Palia\ImGui-DirectX-11-Kiero-Hook-master\ImGui DirectX 11 Kiero Hook\SDK\Engine_classes.hpp(8814,27): warning C4099: 'SDK::FStructProperty': type name first seen using 'class' now seen using 'struct'
D:\Vs\Palia\ImGui-DirectX-11-Kiero-Hook-master\ImGui DirectX 11 Kiero Hook\SDK\Engine_classes.hpp(8816,27): warning C4099: 'SDK::FStructProperty': type name first seen using 'class' now seen using 'struct'
D:\Vs\Palia\ImGui-DirectX-11-Kiero-Hook-master\ImGui DirectX 11 Kiero Hook\SDK\Engine_classes.hpp(8818,27): warning C4099: 'SDK::FStructProperty': type name first seen using 'class' now seen using 'struct'
D:\Vs\Palia\ImGui-DirectX-11-Kiero-Hook-master\ImGui DirectX 11 Kiero Hook\SDK\Engine_classes.hpp(17338,114): warning C4099: 'SDK::FField': type name first seen using 'class' now seen using 'struct'
  buffer.c
  hde32.c
  hde64.c
  hook.c
  trampoline.c
  Generating code
  3968 of 3995 functions (99.3%) were compiled, the rest were copied from previous compilation.
    43 functions were new in current compilation
    3 functions had inline decision re-evaluated but remain unchanged
  Finished generating code
  ImGui DirectX 11 Kiero Hook.vcxproj -> D:\Vs\Palia\ImGui-DirectX-11-Kiero-Hook-master\x64\Release\Cheat.dll
