d:\vs\wuthering waves\imgui-directx-11-kiero-hook-master\imgui-directx-11-kiero-hook-master\imgui directx 11 kiero hook\x64\release\vc143.pdb
d:\vs\wuthering waves\imgui-directx-11-kiero-hook-master\imgui-directx-11-kiero-hook-master\imgui directx 11 kiero hook\x64\release\vec2.obj
d:\vs\wuthering waves\imgui-directx-11-kiero-hook-master\imgui-directx-11-kiero-hook-master\imgui directx 11 kiero hook\x64\release\teleport.obj
d:\vs\wuthering waves\imgui-directx-11-kiero-hook-master\imgui-directx-11-kiero-hook-master\imgui directx 11 kiero hook\x64\release\memory.obj
d:\vs\wuthering waves\imgui-directx-11-kiero-hook-master\imgui-directx-11-kiero-hook-master\imgui directx 11 kiero hook\x64\release\main.obj
d:\vs\wuthering waves\imgui-directx-11-kiero-hook-master\imgui-directx-11-kiero-hook-master\imgui directx 11 kiero hook\x64\release\kiero.obj
d:\vs\wuthering waves\imgui-directx-11-kiero-hook-master\imgui-directx-11-kiero-hook-master\imgui directx 11 kiero hook\x64\release\jsonhelper.obj
d:\vs\wuthering waves\imgui-directx-11-kiero-hook-master\imgui-directx-11-kiero-hook-master\imgui directx 11 kiero hook\x64\release\imgui_widgets.obj
d:\vs\wuthering waves\imgui-directx-11-kiero-hook-master\imgui-directx-11-kiero-hook-master\imgui directx 11 kiero hook\x64\release\imgui_impl_win32.obj
d:\vs\wuthering waves\imgui-directx-11-kiero-hook-master\imgui-directx-11-kiero-hook-master\imgui directx 11 kiero hook\x64\release\imgui_impl_dx11.obj
d:\vs\wuthering waves\imgui-directx-11-kiero-hook-master\imgui-directx-11-kiero-hook-master\imgui directx 11 kiero hook\x64\release\imgui_draw.obj
d:\vs\wuthering waves\imgui-directx-11-kiero-hook-master\imgui-directx-11-kiero-hook-master\imgui directx 11 kiero hook\x64\release\imgui_demo.obj
d:\vs\wuthering waves\imgui-directx-11-kiero-hook-master\imgui-directx-11-kiero-hook-master\imgui directx 11 kiero hook\x64\release\imgui.obj
d:\vs\wuthering waves\imgui-directx-11-kiero-hook-master\imgui-directx-11-kiero-hook-master\imgui directx 11 kiero hook\x64\release\puerts_functions.obj
d:\vs\wuthering waves\imgui-directx-11-kiero-hook-master\imgui-directx-11-kiero-hook-master\imgui directx 11 kiero hook\x64\release\engine_functions.obj
d:\vs\wuthering waves\imgui-directx-11-kiero-hook-master\imgui-directx-11-kiero-hook-master\imgui directx 11 kiero hook\x64\release\coreuobject_functions.obj
d:\vs\wuthering waves\imgui-directx-11-kiero-hook-master\imgui-directx-11-kiero-hook-master\imgui directx 11 kiero hook\x64\release\basic.obj
d:\vs\wuthering waves\imgui-directx-11-kiero-hook-master\imgui-directx-11-kiero-hook-master\imgui directx 11 kiero hook\x64\release\trampoline.obj
d:\vs\wuthering waves\imgui-directx-11-kiero-hook-master\imgui-directx-11-kiero-hook-master\imgui directx 11 kiero hook\x64\release\hook.obj
d:\vs\wuthering waves\imgui-directx-11-kiero-hook-master\imgui-directx-11-kiero-hook-master\imgui directx 11 kiero hook\x64\release\hde64.obj
d:\vs\wuthering waves\imgui-directx-11-kiero-hook-master\imgui-directx-11-kiero-hook-master\imgui directx 11 kiero hook\x64\release\hde32.obj
d:\vs\wuthering waves\imgui-directx-11-kiero-hook-master\imgui-directx-11-kiero-hook-master\imgui directx 11 kiero hook\x64\release\buffer.obj
d:\vs\wuthering waves\imgui-directx-11-kiero-hook-master\imgui-directx-11-kiero-hook-master\x64\release\wwcheese.dll
d:\vs\wuthering waves\imgui-directx-11-kiero-hook-master\imgui-directx-11-kiero-hook-master\x64\release\wwcheese.pdb
d:\vs\wuthering waves\imgui-directx-11-kiero-hook-master\imgui-directx-11-kiero-hook-master\imgui directx 11 kiero hook\x64\release\minhook.res
d:\vs\wuthering waves\imgui-directx-11-kiero-hook-master\imgui-directx-11-kiero-hook-master\imgui directx 11 kiero hook\x64\release\wwcheese.ipdb
d:\vs\wuthering waves\imgui-directx-11-kiero-hook-master\imgui-directx-11-kiero-hook-master\imgui directx 11 kiero hook\x64\release\wwcheese.iobj
d:\vs\wuthering waves\imgui-directx-11-kiero-hook-master\imgui-directx-11-kiero-hook-master\imgui directx 11 kiero hook\x64\release\wutherin.04b17470.tlog\cl.command.1.tlog
d:\vs\wuthering waves\imgui-directx-11-kiero-hook-master\imgui-directx-11-kiero-hook-master\imgui directx 11 kiero hook\x64\release\wutherin.04b17470.tlog\cl.items.tlog
d:\vs\wuthering waves\imgui-directx-11-kiero-hook-master\imgui-directx-11-kiero-hook-master\imgui directx 11 kiero hook\x64\release\wutherin.04b17470.tlog\cl.read.1.tlog
d:\vs\wuthering waves\imgui-directx-11-kiero-hook-master\imgui-directx-11-kiero-hook-master\imgui directx 11 kiero hook\x64\release\wutherin.04b17470.tlog\cl.write.1.tlog
d:\vs\wuthering waves\imgui-directx-11-kiero-hook-master\imgui-directx-11-kiero-hook-master\imgui directx 11 kiero hook\x64\release\wutherin.04b17470.tlog\link.command.1.tlog
d:\vs\wuthering waves\imgui-directx-11-kiero-hook-master\imgui-directx-11-kiero-hook-master\imgui directx 11 kiero hook\x64\release\wutherin.04b17470.tlog\link.read.1.tlog
d:\vs\wuthering waves\imgui-directx-11-kiero-hook-master\imgui-directx-11-kiero-hook-master\imgui directx 11 kiero hook\x64\release\wutherin.04b17470.tlog\link.secondary.1.tlog
d:\vs\wuthering waves\imgui-directx-11-kiero-hook-master\imgui-directx-11-kiero-hook-master\imgui directx 11 kiero hook\x64\release\wutherin.04b17470.tlog\link.write.1.tlog
d:\vs\wuthering waves\imgui-directx-11-kiero-hook-master\imgui-directx-11-kiero-hook-master\imgui directx 11 kiero hook\x64\release\wutherin.04b17470.tlog\rc.command.1.tlog
d:\vs\wuthering waves\imgui-directx-11-kiero-hook-master\imgui-directx-11-kiero-hook-master\imgui directx 11 kiero hook\x64\release\wutherin.04b17470.tlog\rc.read.1.tlog
d:\vs\wuthering waves\imgui-directx-11-kiero-hook-master\imgui-directx-11-kiero-hook-master\imgui directx 11 kiero hook\x64\release\wutherin.04b17470.tlog\rc.write.1.tlog
